<?xml version="1.0" encoding="UTF-8"?>
<!-- Generated by org.testng.reporters.JUnitReportReporter -->
<testsuite hostname="DESKTOP-6BOD738" failures="0" tests="4" name="com.testng.features.Priority_Demo1" time="0.024" errors="0" timestamp="2022-07-26T12:06:19 IST" skipped="0">
  <testcase classname="com.testng.features.Priority_Demo1" name="sslc" time="0.014"/>
  <system-out/>
  <testcase classname="com.testng.features.Priority_Demo1" name="hsc" time="0.002"/>
  <system-out/>
  <testcase classname="com.testng.features.Priority_Demo1" name="ug" time="0.002"/>
  <system-out/>
  <testcase classname="com.testng.features.Priority_Demo1" name="pg" time="0.006"/>
  <system-out/>
</testsuite> <!-- com.testng.features.Priority_Demo1 -->
