<?xml version="1.0" encoding="UTF-8"?>
<!-- Generated by org.testng.reporters.JUnitReportReporter -->
<testsuite hostname="DESKTOP-6BOD738" failures="0" tests="5" name="com.pom.Testng_Automation_runner" time="110.595" errors="0" timestamp="2022-08-02T12:13:17 IST" skipped="0">
  <testcase classname="com.pom.Testng_Automation_runner" name="browser_Lanuch" time="37.825"/>
  <system-out/>
  <testcase classname="com.pom.Testng_Automation_runner" name="object_manager" time="0.004"/>
  <system-out/>
  <testcase classname="com.pom.Testng_Automation_runner" name="login_process" time="19.682"/>
  <system-out/>
  <testcase classname="com.pom.Testng_Automation_runner" name="casual_Dresses" time="14.210"/>
  <system-out/>
  <testcase classname="com.pom.Testng_Automation_runner" name="Checkout_Process" time="38.874"/>
  <system-out/>
</testsuite> <!-- com.pom.Testng_Automation_runner -->
