<?xml version="1.0" encoding="UTF-8"?>
<!-- Generated by org.testng.reporters.JUnitReportReporter -->
<testsuite hostname="DESKTOP-6BOD738" failures="0" tests="7" name="com.testng.features.Invocation_Count" time="0.029" errors="0" timestamp="2022-07-27T07:44:01 IST" skipped="0">
  <testcase classname="com.testng.features.Invocation_Count" name="browser_Launch" time="0.016"/>
  <system-out/>
  <testcase classname="com.testng.features.Invocation_Count" name="refresh" time="0.001"/>
  <system-out/>
  <testcase classname="com.testng.features.Invocation_Count" name="refresh" time="0.005"/>
  <system-out/>
  <testcase classname="com.testng.features.Invocation_Count" name="refresh" time="0.001"/>
  <system-out/>
  <testcase classname="com.testng.features.Invocation_Count" name="refresh" time="0.001"/>
  <system-out/>
  <testcase classname="com.testng.features.Invocation_Count" name="refresh" time="0.002"/>
  <system-out/>
  <testcase classname="com.testng.features.Invocation_Count" name="Login" time="0.003"/>
  <system-out/>
</testsuite> <!-- com.testng.features.Invocation_Count -->
