<?xml version="1.0" encoding="UTF-8"?>
<!-- Generated by org.testng.reporters.JUnitReportReporter -->
<testsuite hostname="DESKTOP-6BOD738" failures="0" tests="2" name="com.testng.features.Annotations" time="0.015" errors="0" timestamp="2022-07-25T18:00:06 IST" skipped="0">
  <testcase classname="com.testng.features.Annotations" name="laptop" time="0.013"/>
  <system-out/>
  <testcase classname="com.testng.features.Annotations" name="mobile" time="0.002"/>
  <system-out/>
</testsuite> <!-- com.testng.features.Annotations -->
