<?xml version="1.0" encoding="UTF-8"?>
<!-- Generated by org.testng.reporters.JUnitReportReporter -->
<testsuite hostname="DESKTOP-6BOD738" failures="0" tests="2" name="com.social.media.Social_Media" time="32.038" errors="0" timestamp="2022-07-29T08:03:08 IST" skipped="0">
  <testcase classname="com.social.media.Social_Media" name="instagram" time="13.394"/>
  <system-out/>
  <testcase classname="com.social.media.Social_Media" name="facebook" time="18.644"/>
  <system-out/>
</testsuite> <!-- com.social.media.Social_Media -->
