<?xml version="1.0" encoding="UTF-8"?>
<!-- Generated by org.testng.reporters.JUnitReportReporter -->
<testsuite hostname="DESKTOP-6BOD738" failures="0" tests="1" name="com.testng.features.Optional_Para" time="0.012" errors="0" timestamp="2022-07-28T14:04:55 IST" skipped="0">
  <testcase classname="com.testng.features.Optional_Para" name="facebook" time="0.012"/>
  <system-out/>
</testsuite> <!-- com.testng.features.Optional_Para -->
