<?xml version="1.0" encoding="UTF-8"?>
<!-- Generated by org.testng.reporters.JUnitReportReporter -->
<testsuite hostname="DESKTOP-6BOD738" failures="0" tests="1" name="com.testng.features.Test_Demo" time="0.013" errors="0" timestamp="2022-07-25T17:03:03 IST" skipped="0">
  <testcase classname="com.testng.features.Test_Demo" name="demo" time="0.013"/>
  <system-out/>
</testsuite> <!-- com.testng.features.Test_Demo -->
