<?xml version="1.0" encoding="UTF-8"?>
<!-- Generated by org.testng.reporters.JUnitReportReporter -->
<testsuite hostname="DESKTOP-6BOD738" failures="0" tests="3" name="com.testng.features.Amazon" time="0.019" errors="0" timestamp="2022-07-27T16:53:11 IST" skipped="0">
  <testcase classname="com.testng.features.Amazon" name="zebronics" time="0.003"/>
  <system-out/>
  <testcase classname="com.testng.features.Amazon" name="lenovo" time="0.014"/>
  <system-out/>
  <testcase classname="com.testng.features.Amazon" name="offer" time="0.002"/>
  <system-out/>
</testsuite> <!-- com.testng.features.Amazon -->
