<?xml version="1.0" encoding="UTF-8"?>
<!-- Generated by org.testng.reporters.JUnitReportReporter -->
<testsuite hostname="DESKTOP-6BOD738" failures="0" tests="3" name="com.testng.features.Ignore_concept_Task" time="0.020" errors="0" timestamp="2022-07-26T12:43:59 IST" skipped="1">
  <testcase classname="com.testng.features.Ignore_concept_Task" name="wynk" time="0.002"/>
  <system-out/>
  <testcase classname="com.testng.features.Ignore_concept_Task" name="spotify" time="0.018"/>
  <system-out/>
  <testcase classname="com.testng.features.Ignore_concept_Task" name="suriya_Notes">
    <skipped/>
  </testcase> <!-- suriya_Notes -->
  <system-out/>
</testsuite> <!-- com.testng.features.Ignore_concept_Task -->
