<?xml version="1.0" encoding="UTF-8"?>
<!-- Generated by org.testng.reporters.JUnitReportReporter -->
<testsuite hostname="DESKTOP-6BOD738" failures="0" tests="6" name="com.testng.features.Group_demo" time="0.026" errors="0" timestamp="2022-07-27T18:04:39 IST" skipped="0">
  <testcase classname="com.testng.features.Group_demo" name="facebook" time="0.014"/>
  <system-out/>
  <testcase classname="com.testng.features.Group_demo" name="instagram" time="0.002"/>
  <system-out/>
  <testcase classname="com.testng.features.Group_demo" name="spotify" time="0.002"/>
  <system-out/>
  <testcase classname="com.testng.features.Group_demo" name="wynk" time="0.002"/>
  <system-out/>
  <testcase classname="com.testng.features.Group_demo" name="gaana" time="0.004"/>
  <system-out/>
  <testcase classname="com.testng.features.Group_demo" name="youtube" time="0.002"/>
  <system-out/>
</testsuite> <!-- com.testng.features.Group_demo -->
