<?xml version="1.0" encoding="UTF-8"?>
<!-- Generated by org.testng.reporters.JUnitReportReporter -->
<testsuite hostname="DESKTOP-6BOD738" failures="0" tests="3" name="com.testng.features.innovacation_Timeout" time="81.369" errors="0" timestamp="2022-07-28T12:02:19 IST" skipped="0">
  <testcase classname="com.testng.features.innovacation_Timeout" name="browser_Launch" time="31.084"/>
  <system-out/>
  <testcase classname="com.testng.features.innovacation_Timeout" name="browser_Launch" time="13.468"/>
  <system-out/>
  <testcase classname="com.testng.features.innovacation_Timeout" name="browser_Launch" time="36.817"/>
  <system-out/>
</testsuite> <!-- com.testng.features.innovacation_Timeout -->
