<?xml version="1.0" encoding="UTF-8"?>
<!-- Generated by org.testng.reporters.JUnitReportReporter -->
<testsuite hostname="DESKTOP-6BOD738" failures="0" tests="1" name="com.testng.features.Description_demo" time="0.020" errors="0" timestamp="2022-07-27T14:04:14 IST" skipped="0">
  <testcase classname="com.testng.features.Description_demo" name="Browser_Launch" time="0.020"/>
  <system-out/>
</testsuite> <!-- com.testng.features.Description_demo -->
