<?xml version="1.0" encoding="UTF-8"?>
<!-- Generated by org.testng.reporters.JUnitReportReporter -->
<testsuite hostname="DESKTOP-6BOD738" failures="0" tests="2" name="com.testng.features.Parallel_Test" time="45.770" errors="0" timestamp="2022-07-30T17:52:39 IST" skipped="0">
  <testcase classname="com.testng.features.Parallel_Test" name="M1" time="20.768"/>
  <system-out/>
  <testcase classname="com.testng.features.Parallel_Test" name="M2" time="25.002"/>
  <system-out/>
</testsuite> <!-- com.testng.features.Parallel_Test -->
