<?xml version="1.0" encoding="UTF-8"?>
<!-- Generated by org.testng.reporters.JUnitReportReporter -->
<testsuite hostname="DESKTOP-6BOD738" failures="0" tests="3" name="com.testng.features.TestNG_demo_after_before_method" time="0.024" errors="0" timestamp="2022-07-25T20:07:24 IST" skipped="0">
  <testcase classname="com.testng.features.TestNG_demo_after_before_method" name="headphones" time="0.016"/>
  <system-out/>
  <testcase classname="com.testng.features.TestNG_demo_after_before_method" name="laptop" time="0.005"/>
  <system-out/>
  <testcase classname="com.testng.features.TestNG_demo_after_before_method" name="mobiles" time="0.003"/>
  <system-out/>
</testsuite> <!-- com.testng.features.TestNG_demo_after_before_method -->
