<?xml version="1.0" encoding="UTF-8"?>
<!-- Generated by org.testng.reporters.JUnitReportReporter -->
<testsuite hostname="DESKTOP-6BOD738" failures="0" tests="1" name="com.testng.features.Always_Run" time="0.014" errors="0" timestamp="2022-07-30T08:19:41 IST" skipped="0">
  <testcase classname="com.testng.features.Always_Run" name="Zebronics" time="0.014"/>
  <system-out/>
</testsuite> <!-- com.testng.features.Always_Run -->
