<?xml version="1.0" encoding="UTF-8"?>
<!-- Generated by org.testng.reporters.JUnitReportReporter -->
<testsuite hostname="DESKTOP-6BOD738" failures="0" tests="3" name="com.testng.features.Ignore_concept" time="0.014" errors="0" timestamp="2022-07-26T12:39:18 IST" skipped="1">
  <testcase classname="com.testng.features.Ignore_concept" name="spotify" time="0.002"/>
  <system-out/>
  <testcase classname="com.testng.features.Ignore_concept" name="facebook" time="0.012"/>
  <system-out/>
  <testcase classname="com.testng.features.Ignore_concept" name="suriya_Notes">
    <skipped/>
  </testcase> <!-- suriya_Notes -->
  <system-out/>
</testsuite> <!-- com.testng.features.Ignore_concept -->
