<?xml version="1.0" encoding="UTF-8"?>
<!-- Generated by org.testng.reporters.JUnitReportReporter -->
<testsuite hostname="DESKTOP-6BOD738" failures="0" tests="1" name="com.testng.features.Para" time="0.014" errors="0" timestamp="2022-07-28T13:49:42 IST" skipped="0">
  <testcase classname="com.testng.features.Para" name="Credentials_demo" time="0.014"/>
  <system-out/>
</testsuite> <!-- com.testng.features.Para -->
