<?xml version="1.0" encoding="UTF-8"?>
<!-- Generated by org.testng.reporters.JUnitReportReporter -->
<testsuite hostname="DESKTOP-6BOD738" failures="0" tests="4" name="com.testng.features.Data_provider" time="0.022" errors="0" timestamp="2022-07-28T18:07:03 IST" skipped="0">
  <testcase classname="com.testng.features.Data_provider" name="credentials_login" time="0.003"/>
  <system-out/>
  <testcase classname="com.testng.features.Data_provider" name="credentials_login" time="0.006"/>
  <system-out/>
  <testcase classname="com.testng.features.Data_provider" name="credentials_login" time="0.010"/>
  <system-out/>
  <testcase classname="com.testng.features.Data_provider" name="credentials_login" time="0.003"/>
  <system-out/>
</testsuite> <!-- com.testng.features.Data_provider -->
