<?xml version="1.0" encoding="UTF-8"?>
<!-- Generated by org.testng.reporters.JUnitReportReporter -->
<testsuite hostname="DESKTOP-6BOD738" failures="0" tests="3" name="com.testng.features.Annotations_Orders" time="0.020" errors="0" timestamp="2022-07-26T12:24:04 IST" skipped="0">
  <testcase classname="com.testng.features.Annotations_Orders" name="headphones" time="0.011"/>
  <system-out/>
  <testcase classname="com.testng.features.Annotations_Orders" name="mobile" time="0.006"/>
  <system-out/>
  <testcase classname="com.testng.features.Annotations_Orders" name="laptop" time="0.003"/>
  <system-out/>
</testsuite> <!-- com.testng.features.Annotations_Orders -->
